TN:
SF:src\lib\analytics.ts
FN:50,aggregateRevenueByCurrency
FN:53,(anonymous_1)
FN:74,(anonymous_2)
FN:77,processFXGainLossEntries
FN:81,(anonymous_4)
FN:82,(anonymous_5)
FN:106,(anonymous_6)
FN:110,aggregateMonthlyRevenue
FN:114,(anonymous_8)
FN:115,(anonymous_9)
FN:132,(anonymous_10)
FN:134,(anonymous_11)
FN:137,aggregateStatusBreakdown
FN:140,(anonymous_13)
FN:150,aggregateDashboardCurrencyStats
FN:153,(anonymous_15)
FN:169,computeDashboardSummary
FN:171,(anonymous_17)
FN:172,(anonymous_18)
FN:175,(anonymous_19)
FN:176,(anonymous_20)
FN:186,totalFXGainLoss
FN:187,(anonymous_22)
FNF:23
FNH:23
FNDA:5,aggregateRevenueByCurrency
FNDA:9,(anonymous_1)
FNDA:2,(anonymous_2)
FNDA:4,processFXGainLossEntries
FNDA:5,(anonymous_4)
FNDA:3,(anonymous_5)
FNDA:1,(anonymous_6)
FNDA:5,aggregateMonthlyRevenue
FNDA:22,(anonymous_8)
FNDA:20,(anonymous_9)
FNDA:13,(anonymous_10)
FNDA:16,(anonymous_11)
FNDA:3,aggregateStatusBreakdown
FNDA:7,(anonymous_13)
FNDA:3,aggregateDashboardCurrencyStats
FNDA:4,(anonymous_15)
FNDA:3,computeDashboardSummary
FNDA:5,(anonymous_17)
FNDA:2,(anonymous_18)
FNDA:5,(anonymous_19)
FNDA:3,(anonymous_20)
FNDA:3,totalFXGainLoss
FNDA:5,(anonymous_22)
DA:51,5
DA:53,5
DA:54,9
DA:62,9
DA:63,9
DA:65,9
DA:66,6
DA:67,3
DA:68,3
DA:71,9
DA:74,5
DA:78,4
DA:80,4
DA:81,5
DA:83,3
DA:91,3
DA:92,3
DA:106,4
DA:107,4
DA:111,5
DA:113,5
DA:114,22
DA:116,20
DA:117,20
DA:118,20
DA:120,20
DA:126,20
DA:127,20
DA:128,20
DA:131,5
DA:132,13
DA:134,16
DA:138,3
DA:140,3
DA:141,7
DA:142,7
DA:143,7
DA:144,7
DA:147,3
DA:151,3
DA:153,3
DA:154,4
DA:160,4
DA:161,4
DA:162,4
DA:163,4
DA:166,3
DA:170,3
DA:171,5
DA:172,2
DA:174,3
DA:175,5
DA:176,3
DA:178,3
DA:187,5
LF:55
LH:55
BRDA:54,0,0,9
BRDA:54,0,1,6
BRDA:65,1,0,6
BRDA:65,1,1,3
BRDA:67,2,0,3
BRDA:67,2,1,0
BRDA:67,3,0,3
BRDA:67,3,1,1
BRDA:81,4,0,5
BRDA:81,4,1,4
BRDA:81,4,2,3
BRDA:81,4,3,3
BRDA:91,5,0,3
BRDA:91,5,1,0
BRDA:101,6,0,3
BRDA:101,6,1,0
BRDA:110,7,0,5
BRDA:120,8,0,20
BRDA:120,8,1,16
BRDA:127,9,0,20
BRDA:127,9,1,17
BRDA:141,10,0,7
BRDA:141,10,1,6
BRDA:154,11,0,4
BRDA:154,11,1,2
BRDA:161,12,0,1
BRDA:161,12,1,3
BRDA:162,13,0,3
BRDA:162,13,1,1
BRDA:162,14,0,4
BRDA:162,14,1,2
BRDA:175,15,0,5
BRDA:175,15,1,3
BRF:33
BRH:30
end_of_record
TN:
SF:src\lib\batchExportPDF.ts
FN:5,generateInvoicePDFBlob
FN:17,(anonymous_1)
FN:127,batchExportInvoicesPDF
FNF:3
FNH:3
FNDA:12,generateInvoicePDFBlob
FNDA:11,(anonymous_1)
FNDA:11,batchExportInvoicesPDF
DA:6,12
DA:8,12
DA:10,12
DA:11,12
DA:13,12
DA:14,11
DA:15,11
DA:16,11
DA:17,11
DA:19,0
DA:23,12
DA:29,12
DA:30,12
DA:32,12
DA:33,12
DA:35,12
DA:36,12
DA:38,12
DA:39,12
DA:40,12
DA:42,12
DA:43,12
DA:45,12
DA:46,12
DA:48,12
DA:49,11
DA:50,11
DA:51,11
DA:52,11
DA:53,11
DA:54,11
DA:55,11
DA:56,11
DA:57,11
DA:59,11
DA:60,11
DA:61,11
DA:65,12
DA:66,12
DA:67,12
DA:68,12
DA:69,12
DA:70,12
DA:71,12
DA:72,11
DA:73,11
DA:74,11
DA:76,1
DA:79,12
DA:80,12
DA:81,12
DA:82,12
DA:84,12
DA:85,12
DA:86,12
DA:87,12
DA:88,12
DA:89,12
DA:90,12
DA:91,12
DA:93,12
DA:94,12
DA:95,12
DA:96,11
DA:97,11
DA:98,11
DA:99,11
DA:100,11
DA:103,12
DA:104,12
DA:105,12
DA:106,12
DA:108,12
DA:109,12
DA:110,12
DA:111,12
DA:113,12
DA:114,3
DA:115,3
DA:116,3
DA:119,12
DA:120,12
DA:121,12
DA:123,12
DA:124,12
DA:132,11
DA:133,11
DA:135,11
DA:136,12
DA:137,12
DA:139,12
DA:140,12
DA:141,11
DA:142,12
DA:144,1
DA:145,1
DA:149,11
DA:150,11
DA:151,11
LF:99
LH:98
BRDA:13,0,0,11
BRDA:13,0,1,1
BRDA:17,1,0,11
BRDA:17,1,1,0
BRDA:29,2,0,12
BRDA:29,2,1,0
BRDA:30,3,0,12
BRDA:30,3,1,1
BRDA:48,4,0,11
BRDA:48,4,1,1
BRDA:55,5,0,11
BRDA:55,5,1,0
BRDA:59,6,0,11
BRDA:59,6,1,0
BRDA:71,7,0,11
BRDA:71,7,1,1
BRDA:74,8,0,11
BRDA:74,8,1,0
BRDA:96,9,0,11
BRDA:96,9,1,0
BRDA:113,10,0,3
BRDA:113,10,1,9
BRDA:141,11,0,11
BRDA:141,11,1,1
BRDA:145,12,0,1
BRDA:145,12,1,0
BRF:26
BRH:19
end_of_record
TN:
SF:src\lib\batchExportUsage.ts
FN:14,getCurrentMonthKey
FN:19,getGuestUsage
FN:34,setGuestUsage
FN:38,checkBatchExportUsage
FN:88,recordBatchExportUsage
FN:105,getMonthStart
FNF:6
FNH:6
FNDA:7,getCurrentMonthKey
FNDA:7,getGuestUsage
FNDA:5,setGuestUsage
FNDA:7,checkBatchExportUsage
FNDA:7,recordBatchExportUsage
FNDA:2,getMonthStart
DA:5,1
DA:6,1
DA:15,7
DA:16,7
DA:20,7
DA:21,7
DA:22,7
DA:23,4
DA:24,4
DA:25,4
DA:26,1
DA:28,2
DA:30,1
DA:35,5
DA:44,7
DA:46,7
DA:47,1
DA:50,6
DA:51,4
DA:52,3
DA:53,1
DA:56,2
DA:62,2
DA:63,1
DA:66,2
DA:67,4
DA:74,2
DA:75,2
DA:83,1
DA:84,1
DA:89,7
DA:90,7
DA:91,2
DA:96,5
DA:97,5
DA:98,5
DA:101,1
DA:106,2
DA:107,2
LF:39
LH:39
BRDA:22,0,0,3
BRDA:22,0,1,4
BRDA:25,1,0,1
BRDA:25,1,1,3
BRDA:25,2,0,4
BRDA:25,2,1,3
BRDA:46,3,0,1
BRDA:46,3,1,6
BRDA:50,4,0,4
BRDA:50,4,1,2
BRDA:52,5,0,1
BRDA:52,5,1,2
BRDA:62,6,0,1
BRDA:62,6,1,1
BRDA:66,7,0,2
BRDA:66,7,1,2
BRDA:90,8,0,2
BRDA:90,8,1,5
BRF:18
BRH:18
end_of_record
TN:
SF:src\lib\config.ts
FN:6,isAdmin
FNF:1
FNH:1
FNDA:6,isAdmin
DA:4,1
DA:7,6
DA:8,3
DA:12,1
DA:13,1
DA:16,1
DA:19,1
LF:7
LH:7
BRDA:7,0,0,3
BRDA:7,0,1,3
BRF:2
BRH:2
end_of_record
TN:
SF:src\lib\exchangeRate.ts
FN:32,getExchangeRate
FN:42,(anonymous_1)
FN:70,fetchRate
FN:86,fetchRateAlternative
FN:101,getHistoricalRate
FN:110,(anonymous_5)
FN:141,calculateFXGainLoss
FNF:7
FNH:7
FNDA:8,getExchangeRate
FNDA:2,(anonymous_1)
FNDA:6,fetchRate
FNDA:3,fetchRateAlternative
FNDA:6,getHistoricalRate
FNDA:2,(anonymous_5)
FNDA:9,calculateFXGainLoss
DA:3,1
DA:7,1
DA:19,1
DA:33,8
DA:35,7
DA:36,7
DA:39,7
DA:42,2
DA:45,7
DA:46,1
DA:50,6
DA:51,6
DA:52,6
DA:54,3
DA:60,3
DA:63,0
DA:67,3
DA:72,6
DA:74,6
DA:75,6
DA:76,4
DA:78,3
DA:79,3
DA:82,3
DA:88,3
DA:90,3
DA:91,3
DA:92,1
DA:94,1
DA:95,1
DA:97,2
DA:102,6
DA:104,5
DA:107,5
DA:110,2
DA:113,5
DA:114,1
DA:118,4
DA:119,4
DA:120,4
DA:121,3
DA:123,3
DA:124,3
DA:125,3
DA:126,2
DA:132,2
DA:135,1
DA:138,2
DA:148,9
DA:149,3
DA:152,6
DA:153,6
DA:154,6
DA:155,6
DA:159,9
DA:162,1
LF:56
LH:55
BRDA:33,0,0,1
BRDA:33,0,1,7
BRDA:45,1,0,1
BRDA:45,1,1,6
BRDA:52,2,0,3
BRDA:52,2,1,3
BRDA:67,3,0,3
BRDA:67,3,1,1
BRDA:76,4,0,1
BRDA:76,4,1,3
BRDA:79,5,0,3
BRDA:79,5,1,1
BRDA:92,6,0,0
BRDA:92,6,1,1
BRDA:95,7,0,1
BRDA:95,7,1,0
BRDA:102,8,0,1
BRDA:102,8,1,5
BRDA:113,9,0,1
BRDA:113,9,1,4
BRDA:121,10,0,0
BRDA:121,10,1,3
BRDA:125,11,0,2
BRDA:125,11,1,1
BRDA:148,12,0,3
BRDA:148,12,1,6
BRDA:148,13,0,9
BRDA:148,13,1,8
BRDA:148,13,2,7
BRDA:155,14,0,4
BRDA:155,14,1,2
BRF:31
BRH:28
end_of_record
TN:
SF:src\lib\generateInvoicePDF.ts
FN:7,loadPdfLibs
FN:60,generateInvoicePDF
FN:70,(anonymous_2)
FN:124,(anonymous_3)
FN:167,(anonymous_4)
FN:290,formatCurrency
FN:297,formatDate
FNF:7
FNH:7
FNDA:24,loadPdfLibs
FNDA:24,generateInvoicePDF
FNDA:18,(anonymous_2)
FNDA:36,(anonymous_3)
FNDA:26,(anonymous_4)
FNDA:120,formatCurrency
FNDA:48,formatDate
DA:4,1
DA:5,1
DA:8,24
DA:9,1
DA:10,1
DA:11,1
DA:13,24
DA:27,1
DA:61,24
DA:63,24
DA:64,24
DA:66,24
DA:67,23
DA:68,23
DA:69,18
DA:70,18
DA:72,5
DA:76,24
DA:77,24
DA:79,24
DA:80,24
DA:83,24
DA:84,24
DA:87,24
DA:88,24
DA:89,24
DA:92,24
DA:93,24
DA:94,24
DA:95,24
DA:96,24
DA:99,24
DA:100,24
DA:106,24
DA:107,24
DA:108,24
DA:109,24
DA:110,24
DA:113,24
DA:114,24
DA:115,24
DA:116,24
DA:117,24
DA:118,24
DA:119,24
DA:120,24
DA:121,24
DA:122,24
DA:123,18
DA:124,18
DA:125,36
DA:128,24
DA:129,24
DA:130,3
DA:134,24
DA:135,24
DA:136,24
DA:137,24
DA:138,24
DA:139,24
DA:140,24
DA:141,24
DA:142,24
DA:143,18
DA:145,24
DA:146,24
DA:147,18
DA:149,24
DA:150,1
DA:154,24
DA:155,24
DA:156,24
DA:158,24
DA:159,24
DA:160,24
DA:161,24
DA:162,24
DA:163,24
DA:166,24
DA:167,24
DA:168,26
DA:169,26
DA:170,26
DA:171,26
DA:172,26
DA:173,26
DA:177,24
DA:178,24
DA:181,24
DA:182,24
DA:184,24
DA:185,24
DA:186,24
DA:187,24
DA:188,24
DA:190,24
DA:191,24
DA:194,24
DA:195,24
DA:196,3
DA:197,3
DA:198,3
DA:199,3
DA:200,3
DA:201,3
DA:202,3
DA:203,2
DA:205,1
DA:207,3
DA:208,21
DA:209,1
DA:210,1
DA:211,1
DA:212,20
DA:213,19
DA:214,19
DA:215,19
DA:217,1
DA:218,1
DA:219,1
DA:222,24
DA:223,24
DA:224,24
DA:225,24
DA:226,24
DA:227,24
DA:228,24
DA:231,24
DA:232,3
DA:233,3
DA:234,3
DA:235,3
DA:236,3
DA:237,1
DA:242,24
DA:243,1
DA:244,1
DA:245,1
DA:246,1
DA:247,1
DA:248,1
DA:249,1
DA:250,1
DA:254,24
DA:255,24
DA:256,24
DA:257,24
DA:265,24
DA:266,4
DA:275,24
DA:276,23
DA:277,23
DA:278,23
DA:279,23
DA:283,23
DA:287,24
DA:291,120
DA:298,48
LF:158
LH:158
BRDA:8,0,0,1
BRDA:8,0,1,23
BRDA:60,1,0,24
BRDA:66,2,0,23
BRDA:66,2,1,1
BRDA:70,3,0,18
BRDA:70,3,1,0
BRDA:76,4,0,24
BRDA:76,4,1,0
BRDA:77,5,0,24
BRDA:77,5,1,1
BRDA:106,6,0,24
BRDA:106,6,1,1
BRDA:119,7,0,24
BRDA:119,7,1,6
BRDA:122,8,0,18
BRDA:122,8,1,6
BRDA:128,9,0,24
BRDA:128,9,1,6
BRDA:129,10,0,3
BRDA:129,10,1,21
BRDA:129,11,0,24
BRDA:129,11,1,7
BRDA:139,12,0,24
BRDA:139,12,1,6
BRDA:142,13,0,18
BRDA:142,13,1,6
BRDA:145,14,0,24
BRDA:145,14,1,6
BRDA:146,15,0,18
BRDA:146,15,1,6
BRDA:149,16,0,1
BRDA:149,16,1,23
BRDA:149,17,0,24
BRDA:149,17,1,7
BRDA:169,18,0,26
BRDA:169,18,1,1
BRDA:194,19,0,24
BRDA:194,19,1,19
BRDA:195,20,0,3
BRDA:195,20,1,21
BRDA:202,21,0,2
BRDA:202,21,1,1
BRDA:208,22,0,1
BRDA:208,22,1,20
BRDA:212,23,0,19
BRDA:212,23,1,1
BRDA:231,24,0,3
BRDA:231,24,1,21
BRDA:231,25,0,24
BRDA:231,25,1,4
BRDA:236,26,0,1
BRDA:236,26,1,2
BRDA:242,27,0,1
BRDA:242,27,1,23
BRDA:265,28,0,4
BRDA:265,28,1,20
BRDA:275,29,0,23
BRDA:275,29,1,1
BRDA:297,30,0,48
BRF:60
BRH:58
end_of_record
TN:
SF:src\lib\generateW8BEN.ts
FN:3,loadPdfLib
FN:53,splitAddress
FN:54,(anonymous_2)
FN:62,safeSetTextField
FN:65,(anonymous_4)
FN:74,safeCheckField
FN:77,(anonymous_6)
FN:86,generateW8BENPDF
FN:156,loadW8BENTemplate
FNF:9
FNH:8
FNDA:14,loadPdfLib
FNDA:15,splitAddress
FNDA:17,(anonymous_2)
FNDA:95,safeSetTextField
FNDA:12,(anonymous_4)
FNDA:6,safeCheckField
FNDA:1,(anonymous_6)
FNDA:14,generateW8BENPDF
FNDA:0,loadW8BENTemplate
DA:1,1
DA:4,14
DA:5,1
DA:6,1
DA:8,14
DA:27,1
DA:54,17
DA:55,15
DA:63,95
DA:64,95
DA:65,95
DA:66,95
DA:67,1
DA:68,0
DA:75,6
DA:76,6
DA:77,6
DA:78,6
DA:79,1
DA:80,0
DA:87,14
DA:88,14
DA:89,14
DA:92,14
DA:95,14
DA:98,14
DA:99,14
DA:100,14
DA:101,14
DA:104,14
DA:105,1
DA:106,1
DA:107,1
DA:108,1
DA:112,14
DA:113,2
DA:114,2
DA:118,14
DA:119,1
DA:123,14
DA:124,1
DA:128,14
DA:129,4
DA:130,4
DA:131,2
DA:133,4
DA:134,1
DA:136,4
DA:137,1
DA:142,14
DA:143,14
DA:144,14
DA:147,14
DA:148,14
DA:153,14
DA:157,0
DA:158,0
LF:57
LH:53
BRDA:4,0,0,1
BRDA:4,0,1,13
BRDA:56,1,0,15
BRDA:56,1,1,1
BRDA:57,2,0,15
BRDA:57,2,1,13
BRDA:58,3,0,15
BRDA:58,3,1,15
BRDA:66,4,0,88
BRDA:66,4,1,7
BRDA:67,5,0,1
BRDA:67,5,1,0
BRDA:78,6,0,5
BRDA:78,6,1,1
BRDA:79,7,0,1
BRDA:79,7,1,0
BRDA:92,8,0,14
BRDA:92,8,1,0
BRDA:95,9,0,14
BRDA:95,9,1,0
BRDA:98,10,0,14
BRDA:98,10,1,1
BRDA:100,11,0,1
BRDA:100,11,1,13
BRDA:101,12,0,0
BRDA:101,12,1,14
BRDA:104,13,0,1
BRDA:104,13,1,13
BRDA:107,14,0,1
BRDA:107,14,1,0
BRDA:108,15,0,0
BRDA:108,15,1,1
BRDA:112,16,0,2
BRDA:112,16,1,12
BRDA:118,17,0,1
BRDA:118,17,1,13
BRDA:123,18,0,1
BRDA:123,18,1,13
BRDA:128,19,0,4
BRDA:128,19,1,10
BRDA:130,20,0,2
BRDA:130,20,1,2
BRDA:133,21,0,1
BRDA:133,21,1,3
BRDA:136,22,0,1
BRDA:136,22,1,3
BRDA:142,23,0,14
BRDA:142,23,1,0
BRDA:144,24,0,14
BRDA:144,24,1,0
BRF:50
BRH:41
end_of_record
TN:
SF:src\lib\i18n.ts
FN:3702,detectBrowserLanguage
FN:3715,setLocale
FN:3721,getLocale
FN:3725,t
FNF:4
FNH:4
FNDA:12,detectBrowserLanguage
FNDA:1,setLocale
FNDA:3,getLocale
FNDA:15,t
DA:3,13
DA:436,13
DA:3698,13
DA:3703,12
DA:3704,12
DA:3705,12
DA:3706,12
DA:3707,12
DA:3708,12
DA:3709,12
DA:3710,12
DA:3711,12
DA:3712,12
DA:3716,1
DA:3717,1
DA:3718,1
DA:3722,3
DA:3726,15
DA:3727,15
DA:3728,0
DA:3729,0
DA:3732,15
LF:22
LH:20
BRDA:3698,0,0,13
BRDA:3698,0,1,12
BRDA:3698,1,0,13
BRDA:3698,1,1,0
BRDA:3703,2,0,0
BRDA:3703,2,1,12
BRDA:3705,3,0,0
BRDA:3705,3,1,12
BRDA:3706,4,0,0
BRDA:3706,4,1,12
BRDA:3707,5,0,0
BRDA:3707,5,1,12
BRDA:3708,6,0,0
BRDA:3708,6,1,12
BRDA:3709,7,0,0
BRDA:3709,7,1,12
BRDA:3710,8,0,0
BRDA:3710,8,1,12
BRDA:3711,9,0,0
BRDA:3711,9,1,12
BRDA:3726,10,0,15
BRDA:3726,10,1,2
BRDA:3726,10,2,2
BRDA:3727,11,0,0
BRDA:3727,11,1,15
BRF:25
BRH:15
end_of_record
TN:
SF:src\lib\ocrApi.ts
FN:19,isWithinSizeLimit
FN:25,recognizeInvoice
FN:37,(anonymous_2)
FN:41,(anonymous_3)
FN:64,(anonymous_4)
FNF:5
FNH:4
FNDA:12,isWithinSizeLimit
FNDA:12,recognizeInvoice
FNDA:15,(anonymous_2)
FNDA:25,(anonymous_3)
FNDA:0,(anonymous_4)
DA:3,1
DA:4,1
DA:5,1
DA:7,1
DA:20,12
DA:21,12
DA:22,12
DA:29,12
DA:30,2
DA:33,10
DA:35,10
DA:36,25
DA:37,15
DA:40,25
DA:41,25
DA:43,25
DA:44,25
DA:61,15
DA:63,15
DA:64,3
DA:65,3
DA:66,3
DA:69,12
DA:70,12
DA:72,25
DA:73,3
DA:74,3
DA:77,9
DA:79,9
DA:80,9
DA:82,3
DA:83,3
DA:85,6
DA:87,6
DA:88,3
DA:89,3
DA:92,3
DA:94,22
DA:95,22
DA:97,22
DA:98,3
DA:101,22
DA:102,0
DA:105,22
DA:106,7
DA:111,22
DA:112,1
DA:114,6
LF:48
LH:47
BRDA:20,0,0,12
BRDA:20,0,1,0
BRDA:27,1,0,12
BRDA:29,2,0,2
BRDA:29,2,1,10
BRDA:36,3,0,15
BRDA:36,3,1,10
BRDA:63,4,0,3
BRDA:63,4,1,12
BRDA:72,5,0,3
BRDA:72,5,1,22
BRDA:87,6,0,3
BRDA:87,6,1,3
BRDA:95,7,0,19
BRDA:95,7,1,3
BRDA:97,8,0,3
BRDA:97,8,1,19
BRDA:97,9,0,22
BRDA:97,9,1,19
BRDA:101,10,0,0
BRDA:101,10,1,22
BRDA:101,11,0,22
BRDA:101,11,1,19
BRDA:105,12,0,7
BRDA:105,12,1,15
BRDA:111,13,0,1
BRDA:111,13,1,21
BRF:27
BRH:25
end_of_record
TN:
SF:src\lib\ocrSchema.ts
FN:20,validateOcrResult
FN:35,validateOcrConfirm
FNF:2
FNH:2
FNDA:14,validateOcrResult
FNDA:9,validateOcrConfirm
DA:21,14
DA:22,7
DA:24,7
DA:36,9
DA:37,6
DA:38,6
LF:6
LH:6
BRDA:21,0,0,7
BRDA:21,0,1,7
BRDA:21,1,0,14
BRDA:21,1,1,9
BRDA:25,2,0,4
BRDA:25,2,1,3
BRDA:26,3,0,4
BRDA:26,3,1,3
BRDA:27,4,0,5
BRDA:27,4,1,2
BRDA:28,5,0,4
BRDA:28,5,1,3
BRDA:29,6,0,4
BRDA:29,6,1,3
BRDA:30,7,0,2
BRDA:30,7,1,5
BRDA:31,8,0,4
BRDA:31,8,1,3
BRDA:36,9,0,3
BRDA:36,9,1,6
BRDA:36,10,0,9
BRDA:36,10,1,7
BRDA:39,11,0,6
BRDA:39,11,1,5
BRDA:39,11,2,4
BRDA:39,11,3,3
BRDA:39,11,4,3
BRDA:39,11,5,3
BRDA:39,11,6,1
BRDA:39,11,7,1
BRDA:39,11,8,1
BRDA:39,11,9,1
BRF:32
BRH:32
end_of_record
TN:
SF:src\lib\ocrUsage.ts
FN:7,checkOcrUsage
FN:43,recordOcrUsage
FN:54,simpleHash
FN:59,(anonymous_3)
FNF:4
FNH:4
FNDA:3,checkOcrUsage
FNDA:1,recordOcrUsage
FNDA:5,simpleHash
FNDA:160,(anonymous_3)
DA:5,1
DA:13,3
DA:15,3
DA:16,1
DA:20,2
DA:21,2
DA:22,1
DA:26,1
DA:31,1
DA:32,3
DA:39,0
DA:44,1
DA:45,1
DA:55,5
DA:56,5
DA:57,5
DA:58,5
DA:59,160
LF:18
LH:17
BRDA:15,0,0,1
BRDA:15,0,1,2
BRDA:21,1,0,1
BRDA:21,1,1,1
BRDA:31,2,0,1
BRDA:31,2,1,1
BRF:6
BRH:6
end_of_record
TN:
SF:src\lib\rateHistory.ts
FN:21,saveRateQuery
FN:38,getRateHistory
FN:46,clearRateHistory
FNF:3
FNH:3
FNDA:2,saveRateQuery
FNDA:2,getRateHistory
FNDA:1,clearRateHistory
DA:13,1
DA:17,1
DA:28,2
DA:39,2
DA:47,1
LF:5
LH:5
BRDA:38,0,0,2
BRF:1
BRH:1
end_of_record
TN:
SF:src\lib\subscription.ts
FN:23,isSubscriptionActive
FN:52,checkSubscription
FN:90,checkSubscriptionWithFallback
FNF:3
FNH:3
FNDA:11,isSubscriptionActive
FNDA:8,checkSubscription
FNDA:4,checkSubscriptionWithFallback
DA:24,11
DA:26,5
DA:27,4
DA:29,1
DA:32,6
DA:34,3
DA:35,2
DA:37,1
DA:40,3
DA:42,1
DA:45,2
DA:58,8
DA:59,8
DA:67,7
DA:68,5
DA:71,2
DA:72,2
DA:74,2
DA:81,1
DA:82,1
DA:96,4
DA:97,4
DA:98,1
DA:102,3
DA:103,3
DA:110,2
DA:111,1
DA:114,1
DA:117,2
LF:29
LH:29
BRDA:24,0,0,5
BRDA:24,0,1,6
BRDA:26,1,0,4
BRDA:26,1,1,1
BRDA:32,2,0,3
BRDA:32,2,1,3
BRDA:34,3,0,2
BRDA:34,3,1,1
BRDA:40,4,0,1
BRDA:40,4,1,2
BRDA:67,5,0,5
BRDA:67,5,1,2
BRDA:67,6,0,7
BRDA:67,6,1,6
BRDA:76,7,0,2
BRDA:76,7,1,0
BRDA:77,8,0,2
BRDA:77,8,1,0
BRDA:97,9,0,1
BRDA:97,9,1,3
BRDA:110,10,0,1
BRDA:110,10,1,1
BRF:22
BRH:20
end_of_record
TN:
SF:src\lib\supabase.ts
FNF:0
FNH:0
DA:3,1
DA:4,1
DA:6,1
DA:7,1
DA:10,1
LF:5
LH:5
BRDA:6,0,0,1
BRDA:6,0,1,0
BRDA:6,1,0,1
BRDA:6,1,1,0
BRDA:11,2,0,1
BRDA:11,2,1,1
BRDA:12,3,0,1
BRDA:12,3,1,1
BRF:8
BRH:6
end_of_record
TN:
SF:src\lib\sync.ts
FN:77,getClients
FN:88,upsertClient
FN:120,deleteClient
FN:129,mapClient
FN:147,getInvoices
FN:158,getInvoice
FN:170,upsertInvoice
FN:218,deleteInvoice
FN:227,mapInvoice
FN:262,getSettings
FN:297,upsertSettings
FN:321,mapSettings
FNF:12
FNH:12
FNDA:1,getClients
FNDA:2,upsertClient
FNDA:1,deleteClient
FNDA:3,mapClient
FNDA:1,getInvoices
FNDA:2,getInvoice
FNDA:6,upsertInvoice
FNDA:2,deleteInvoice
FNDA:6,mapInvoice
FNDA:3,getSettings
FNDA:4,upsertSettings
FNDA:6,mapSettings
DA:78,1
DA:84,1
DA:85,1
DA:89,2
DA:99,2
DA:100,1
DA:107,1
DA:108,1
DA:110,1
DA:115,1
DA:116,1
DA:121,1
DA:126,1
DA:130,3
DA:148,1
DA:154,1
DA:155,1
DA:159,2
DA:166,2
DA:167,1
DA:171,6
DA:197,6
DA:198,2
DA:205,2
DA:206,1
DA:208,4
DA:213,4
DA:214,3
DA:219,2
DA:224,2
DA:228,6
DA:263,3
DA:269,3
DA:271,1
DA:285,1
DA:290,1
DA:291,1
DA:294,2
DA:298,4
DA:299,4
DA:300,4
DA:301,4
DA:302,4
DA:303,4
DA:304,4
DA:305,4
DA:306,4
DA:307,4
DA:308,4
DA:309,4
DA:311,4
DA:317,4
DA:318,3
DA:322,6
LF:54
LH:54
BRDA:84,0,0,0
BRDA:84,0,1,1
BRDA:85,1,0,1
BRDA:85,1,1,0
BRDA:92,2,0,2
BRDA:92,2,1,2
BRDA:93,3,0,2
BRDA:93,3,1,2
BRDA:94,4,0,2
BRDA:94,4,1,2
BRDA:95,5,0,2
BRDA:95,5,1,2
BRDA:96,6,0,2
BRDA:96,6,1,2
BRDA:99,7,0,1
BRDA:99,7,1,1
BRDA:107,8,0,0
BRDA:107,8,1,1
BRDA:115,9,0,0
BRDA:115,9,1,1
BRDA:126,10,0,0
BRDA:126,10,1,1
BRDA:134,11,0,3
BRDA:134,11,1,0
BRDA:137,12,0,3
BRDA:137,12,1,0
BRDA:154,13,0,0
BRDA:154,13,1,1
BRDA:155,14,0,1
BRDA:155,14,1,0
BRDA:166,15,0,1
BRDA:166,15,1,1
BRDA:174,16,0,6
BRDA:174,16,1,6
BRDA:177,17,0,6
BRDA:177,17,1,5
BRDA:178,18,0,6
BRDA:178,18,1,5
BRDA:179,19,0,6
BRDA:179,19,1,5
BRDA:180,20,0,6
BRDA:180,20,1,5
BRDA:181,21,0,6
BRDA:181,21,1,5
BRDA:182,22,0,6
BRDA:182,22,1,5
BRDA:183,23,0,6
BRDA:183,23,1,5
BRDA:184,24,0,6
BRDA:184,24,1,5
BRDA:185,25,0,6
BRDA:185,25,1,5
BRDA:186,26,0,6
BRDA:186,26,1,5
BRDA:187,27,0,6
BRDA:187,27,1,5
BRDA:188,28,0,6
BRDA:188,28,1,5
BRDA:189,29,0,6
BRDA:189,29,1,5
BRDA:190,30,0,6
BRDA:190,30,1,5
BRDA:191,31,0,6
BRDA:191,31,1,5
BRDA:192,32,0,6
BRDA:192,32,1,5
BRDA:193,33,0,6
BRDA:193,33,1,5
BRDA:194,34,0,6
BRDA:194,34,1,5
BRDA:197,35,0,2
BRDA:197,35,1,4
BRDA:205,36,0,1
BRDA:205,36,1,1
BRDA:213,37,0,1
BRDA:213,37,1,3
BRDA:224,38,0,1
BRDA:224,38,1,1
BRDA:235,39,0,6
BRDA:235,39,1,0
BRDA:236,40,0,6
BRDA:236,40,1,0
BRDA:241,41,0,6
BRDA:241,41,1,0
BRDA:244,42,0,6
BRDA:244,42,1,0
BRDA:245,43,0,6
BRDA:245,43,1,0
BRDA:246,44,0,6
BRDA:246,44,1,6
BRDA:247,45,0,6
BRDA:247,45,1,6
BRDA:248,46,0,6
BRDA:248,46,1,0
BRDA:250,47,0,6
BRDA:250,47,1,0
BRDA:251,48,0,6
BRDA:251,48,1,6
BRDA:269,49,0,1
BRDA:269,49,1,2
BRDA:269,50,0,3
BRDA:269,50,1,2
BRDA:290,51,0,0
BRDA:290,51,1,1
BRDA:299,52,0,3
BRDA:299,52,1,1
BRDA:300,53,0,1
BRDA:300,53,1,3
BRDA:301,54,0,1
BRDA:301,54,1,3
BRDA:302,55,0,1
BRDA:302,55,1,3
BRDA:303,56,0,1
BRDA:303,56,1,3
BRDA:304,57,0,1
BRDA:304,57,1,3
BRDA:305,58,0,1
BRDA:305,58,1,3
BRDA:306,59,0,1
BRDA:306,59,1,3
BRDA:307,60,0,1
BRDA:307,60,1,3
BRDA:308,61,0,1
BRDA:308,61,1,3
BRDA:309,62,0,1
BRDA:309,62,1,3
BRDA:317,63,0,1
BRDA:317,63,1,3
BRDA:325,64,0,6
BRDA:325,64,1,1
BRDA:326,65,0,6
BRDA:326,65,1,6
BRDA:327,66,0,6
BRDA:327,66,1,6
BRDA:328,67,0,6
BRDA:328,67,1,6
BRDA:329,68,0,6
BRDA:329,68,1,1
BRDA:330,69,0,6
BRDA:330,69,1,1
BRDA:331,70,0,6
BRDA:331,70,1,6
BRDA:332,71,0,6
BRDA:332,71,1,1
BRDA:333,72,0,6
BRDA:333,72,1,6
BRDA:334,73,0,6
BRDA:334,73,1,1
BRDA:335,74,0,6
BRDA:335,74,1,1
BRF:150
BRH:133
end_of_record
TN:
SF:src\lib\themeContext.ts
FNF:0
FNH:0
DA:11,1
LF:1
LH:1
BRF:0
BRH:0
end_of_record
TN:
SF:src\lib\utils.ts
FN:4,cn
FN:8,formatCurrency
FN:15,formatDate
FNF:3
FNH:3
FNDA:3,cn
FNDA:4,formatCurrency
FNDA:2,formatDate
DA:5,3
DA:9,4
DA:16,2
LF:3
LH:3
BRDA:8,0,0,4
BRF:1
BRH:1
end_of_record
TN:
SF:src\lib\w8benUsage.ts
FN:14,getCurrentMonthKey
FN:19,getGuestUsage
FN:34,setGuestUsage
FN:38,getMonthStart
FN:43,checkW8BENUsage
FN:93,recordW8BENUsage
FNF:6
FNH:6
FNDA:7,getCurrentMonthKey
FNDA:7,getGuestUsage
FNDA:5,setGuestUsage
FNDA:2,getMonthStart
FNDA:7,checkW8BENUsage
FNDA:7,recordW8BENUsage
DA:5,1
DA:6,1
DA:15,7
DA:16,7
DA:20,7
DA:21,7
DA:22,7
DA:23,4
DA:24,4
DA:25,4
DA:26,1
DA:28,2
DA:30,1
DA:35,5
DA:39,2
DA:40,2
DA:49,7
DA:51,7
DA:52,1
DA:55,6
DA:56,4
DA:57,3
DA:58,1
DA:61,2
DA:67,2
DA:68,1
DA:71,2
DA:72,4
DA:79,2
DA:80,2
DA:88,1
DA:89,1
DA:94,7
DA:95,7
DA:96,2
DA:101,5
DA:102,5
DA:103,5
DA:106,1
LF:39
LH:39
BRDA:22,0,0,3
BRDA:22,0,1,4
BRDA:25,1,0,1
BRDA:25,1,1,3
BRDA:25,2,0,4
BRDA:25,2,1,3
BRDA:51,3,0,1
BRDA:51,3,1,6
BRDA:55,4,0,4
BRDA:55,4,1,2
BRDA:57,5,0,1
BRDA:57,5,1,2
BRDA:67,6,0,1
BRDA:67,6,1,1
BRDA:71,7,0,2
BRDA:71,7,1,2
BRDA:95,8,0,2
BRDA:95,8,1,5
BRF:18
BRH:18
end_of_record
